Unity Editor version:    2021.2.14f1 (bcb93e5482d2)
Branch:                  2021.2/staging
Build type:              Release
Batch mode:              YES
macOS version:           Version 12.3 (Build 21E230)
Darwin version:          21.4.0
Architecture:            x86_64
Running under Rosetta:   NO
Available memory:        32768 MB
Using pre-set license
Pro License: YES

COMMAND LINE ARGUMENTS:
/Applications/Unity/Unity.app/Contents/MacOS/Unity
-adb2
-batchMode
-noUpm
-name
AssetImportWorker1
-projectPath
/Users/zhangxiangqian/Desktop/CIS410-CubeKiller/CubeKiller
-logFile
Logs/AssetImportWorker1.log
-srvPort
58531
Successfully changed project path to: /Users/zhangxiangqian/Desktop/CIS410-CubeKiller/CubeKiller
/Users/zhangxiangqian/Desktop/CIS410-CubeKiller/CubeKiller
[UnityMemory] Configuration Parameters - Can be set up in boot.config
    "memorysetup-bucket-allocator-granularity=16"
    "memorysetup-bucket-allocator-bucket-count=8"
    "memorysetup-bucket-allocator-block-size=33554432"
    "memorysetup-bucket-allocator-block-count=8"
    "memorysetup-main-allocator-block-size=16777216"
    "memorysetup-thread-allocator-block-size=16777216"
    "memorysetup-gfx-main-allocator-block-size=16777216"
    "memorysetup-gfx-thread-allocator-block-size=16777216"
    "memorysetup-cache-allocator-block-size=4194304"
    "memorysetup-typetree-allocator-block-size=2097152"
    "memorysetup-profiler-bucket-allocator-granularity=16"
    "memorysetup-profiler-bucket-allocator-bucket-count=8"
    "memorysetup-profiler-bucket-allocator-block-size=33554432"
    "memorysetup-profiler-bucket-allocator-block-count=8"
    "memorysetup-profiler-allocator-block-size=16777216"
    "memorysetup-profiler-editor-allocator-block-size=1048576"
    "memorysetup-temp-allocator-size-main=16777216"
    "memorysetup-job-temp-allocator-block-size=2097152"
    "memorysetup-job-temp-allocator-block-size-background=1048576"
    "memorysetup-job-temp-allocator-reduction-small-platforms=262144"
    "memorysetup-temp-allocator-size-background-worker=32768"
    "memorysetup-temp-allocator-size-job-worker=262144"
    "memorysetup-temp-allocator-size-preload-manager=33554432"
    "memorysetup-temp-allocator-size-nav-mesh-worker=65536"
    "memorysetup-temp-allocator-size-audio-worker=65536"
    "memorysetup-temp-allocator-size-cloud-worker=32768"
    "memorysetup-temp-allocator-size-gi-baking-worker=262144"
    "memorysetup-temp-allocator-size-gfx=262144"
Refreshing native plugins compatible for Editor in 82.40 ms, found 2 plugins.
Preloading 0 native plugins for Editor in 0.00 ms.
Initialize engine version: 2021.2.14f1 (bcb93e5482d2)
[Subsystems] Discovering subsystems at path /Applications/Unity/Unity.app/Contents/Resources/UnitySubsystems
[Subsystems] Discovering subsystems at path /Users/zhangxiangqian/Desktop/CIS410-CubeKiller/CubeKiller/Assets
GfxDevice: creating device client; threaded=0; jobified=0
Color LCD preferred device: AMD Radeon Pro 5500M (high power)
Metal devices available: 2
0: AMD Radeon Pro 5500M (high power)
1: Intel(R) UHD Graphics 630 (low power)
Using device AMD Radeon Pro 5500M (high power)
Initializing Metal device caps: AMD Radeon Pro 5500M
Initialize mono
Mono path[0] = '/Applications/Unity/Unity.app/Contents/Managed'
Mono path[1] = '/Applications/Unity/Unity.app/Contents/MonoBleedingEdge/lib/mono/unityjit-macos'
Mono config path = '/Applications/Unity/Unity.app/Contents/MonoBleedingEdge/etc'
Using monoOptions --debugger-agent=transport=dt_socket,embedding=1,server=y,suspend=n,address=127.0.0.1:56993
Begin MonoManager ReloadAssembly
Registering precompiled unity dll's ...
Register platform support module: /Applications/Unity/PlaybackEngines/WebGLSupport/UnityEditor.WebGL.Extensions.dll
Register platform support module: /Applications/Unity/Unity.app/Contents/PlaybackEngines/MacStandaloneSupport/UnityEditor.OSXStandalone.Extensions.dll
Register platform support module: /Applications/Unity/PlaybackEngines/iOSSupport/UnityEditor.iOS.Extensions.dll
Registered in 0.000595 seconds.
[usbmuxd] Start listen thread
[usbmuxd] Listen thread started
[usbmuxd] Send listen message
Native extension for iOS target not found
Native extension for OSXStandalone target not found
Native extension for WebGL target not found
Refreshing native plugins compatible for Editor in 80.90 ms, found 2 plugins.
Preloading 0 native plugins for Editor in 0.00 ms.
Mono: successfully reloaded assembly
- Completed reload, in  0.755 seconds
Domain Reload Profiling:
	ReloadAssembly (756ms)
		BeginReloadAssembly (58ms)
			ExecutionOrderSort (0ms)
			DisableScriptedObjects (0ms)
			BackupInstance (0ms)
			ReleaseScriptingObjects (0ms)
			CreateAndSetChildDomain (1ms)
		EndReloadAssembly (579ms)
			LoadAssemblies (58ms)
			RebuildTransferFunctionScriptingTraits (0ms)
			SetupTypeCache (134ms)
			ReleaseScriptCaches (0ms)
			RebuildScriptCaches (34ms)
			SetupLoadedEditorAssemblies (364ms)
				LogAssemblyErrors (0ms)
				InitializePlatformSupportModulesInManaged (87ms)
				SetLoadedEditorAssemblies (0ms)
				RefreshPlugins (81ms)
				BeforeProcessingInitializeOnLoad (1ms)
				ProcessInitializeOnLoadAttributes (148ms)
				ProcessInitializeOnLoadMethodAttributes (46ms)
				AfterProcessingInitializeOnLoad (0ms)
				EditorAssembliesLoaded (0ms)
			ExecutionOrderSort2 (0ms)
			AwakeInstancesAfterBackupRestoration (0ms)
Platform modules already initialized, skipping
Registering precompiled user dll's ...
Registered in 0.001491 seconds.
Begin MonoManager ReloadAssembly
Symbol file LoadedFromMemory doesn't match image /Users/zhangxiangqian/Desktop/CIS410-CubeKiller/CubeKiller/Library/PackageCache/com.unity.visualscripting@1.7.6/Editor/VisualScripting.Core/Dependencies/YamlDotNet/Unity.VisualScripting.YamlDotNet.dll
Symbol file LoadedFromMemory doesn't match image /Users/zhangxiangqian/Desktop/CIS410-CubeKiller/CubeKiller/Library/PackageCache/com.unity.visualscripting@1.7.6/Editor/VisualScripting.Core/Dependencies/DotNetZip/Unity.VisualScripting.IonicZip.dll
Native extension for iOS target not found
Native extension for OSXStandalone target not found
Native extension for WebGL target not found
Refreshing native plugins compatible for Editor in 1.11 ms, found 2 plugins.
Preloading 0 native plugins for Editor in 0.00 ms.
Mono: successfully reloaded assembly
- Completed reload, in  1.074 seconds
Domain Reload Profiling:
	ReloadAssembly (1075ms)
		BeginReloadAssembly (106ms)
			ExecutionOrderSort (0ms)
			DisableScriptedObjects (7ms)
			BackupInstance (0ms)
			ReleaseScriptingObjects (0ms)
			CreateAndSetChildDomain (27ms)
		EndReloadAssembly (848ms)
			LoadAssemblies (60ms)
			RebuildTransferFunctionScriptingTraits (0ms)
			SetupTypeCache (301ms)
			ReleaseScriptCaches (1ms)
			RebuildScriptCaches (57ms)
			SetupLoadedEditorAssemblies (374ms)
				LogAssemblyErrors (0ms)
				InitializePlatformSupportModulesInManaged (29ms)
				SetLoadedEditorAssemblies (1ms)
				RefreshPlugins (1ms)
				BeforeProcessingInitializeOnLoad (80ms)
				ProcessInitializeOnLoadAttributes (240ms)
				ProcessInitializeOnLoadMethodAttributes (23ms)
				AfterProcessingInitializeOnLoad (1ms)
				EditorAssembliesLoaded (0ms)
			ExecutionOrderSort2 (0ms)
			AwakeInstancesAfterBackupRestoration (3ms)
Platform modules already initialized, skipping
========================================================================
Worker process is ready to serve import requests
Launching external process: /Applications/Unity/Unity.app/Contents/Tools/UnityShaderCompiler
Launched and connected shader compiler UnityShaderCompiler after 0.06 seconds
Refreshing native plugins compatible for Editor in 0.47 ms, found 2 plugins.
Preloading 0 native plugins for Editor in 0.00 ms.
Unloading 3220 Unused Serialized files (Serialized files now loaded: 0)
Unloading 23 unused Assets / (95.6 KB). Loaded Objects now: 3696.
Memory consumption went from 234.9 MB to 234.8 MB.
Total: 3.470351 ms (FindLiveObjects: 0.273737 ms CreateObjectMapping: 0.229323 ms MarkObjects: 2.867380 ms  DeleteObjects: 0.098869 ms)

AssetImportParameters requested are different than current active one (requested -> active):
  custom:video-decoder-ogg-theora: a1e56fd34408186e4bbccfd4996cb3dc -> 
  custom:container-muxer-webm: aa71ff27fc2769a1b78a27578f13a17b -> 
  custom:container-demuxer-webm: 4f35f7cbe854078d1ac9338744f61a02 -> 
  custom:video-encoder-webm-vp8: eb34c28f22e8b96e1ab97ce403110664 -> 
  custom:framework-osx-AVFoundation: e770b220cccbd017edd2c1fefb359320 -> 
  custom:audio-encoder-webm-vorbis: bf7c407c2cedff20999df2af8eb42d56 -> 
  custom:container-demuxer-ogg: 62fdf1f143b41e24485cea50d1cbac27 -> 
  custom:video-decoder-webm-vp8: 9c59270c3fd7afecdb556c50c9e8de78 -> 
  custom:audio-decoder-ogg-vorbis: bf7c407c2cedff20999df2af8eb42d56 -> 
========================================================================
Received Import Request.
  Time since last request: 70567.673919 seconds.
  path: Assets/AurynSky/Forest Pack/Textures/Water.psd
  artifactKey: Guid(25315fb78afed0e4b9a0e1681097767f) Importer(815301076,1909f56bfc062723c751e8b465ee728b)
Start importing Assets/AurynSky/Forest Pack/Textures/Water.psd using Guid(25315fb78afed0e4b9a0e1681097767f) Importer(815301076,1909f56bfc062723c751e8b465ee728b)  -> (artifact id: 'be5eab23b58a64d1a35302c64d127c5c') in 1.244275 seconds 
========================================================================
Received Import Request.
  Time since last request: 416.079248 seconds.
  path: Assets/AurynSky/Forest Pack/Prefabs/ForestBarrel.prefab
  artifactKey: Guid(31d3a77f906791342bc79acdc84f5218) Importer(815301076,1909f56bfc062723c751e8b465ee728b)
Start importing Assets/AurynSky/Forest Pack/Prefabs/ForestBarrel.prefab using Guid(31d3a77f906791342bc79acdc84f5218) Importer(815301076,1909f56bfc062723c751e8b465ee728b)  -> (artifact id: '8bc4199aed850f1367f897c3fb428653') in 0.464353 seconds 
========================================================================
Received Import Request.
  Time since last request: 0.000083 seconds.
  path: Assets/AurynSky/Forest Pack/Prefabs/ForestGroundDirt.prefab
  artifactKey: Guid(13f1670c2e187874784d0f667f9057f5) Importer(815301076,1909f56bfc062723c751e8b465ee728b)
Start importing Assets/AurynSky/Forest Pack/Prefabs/ForestGroundDirt.prefab using Guid(13f1670c2e187874784d0f667f9057f5) Importer(815301076,1909f56bfc062723c751e8b465ee728b)  -> (artifact id: '38d195521032e2311f7837a8245227f7') in 0.009530 seconds 
========================================================================
Received Import Request.
  Time since last request: 0.000042 seconds.
  path: Assets/AurynSky/Forest Pack/Prefabs/ForestGround02.prefab
  artifactKey: Guid(5cbae0602ce9acf41a98fda3a353569a) Importer(815301076,1909f56bfc062723c751e8b465ee728b)
Start importing Assets/AurynSky/Forest Pack/Prefabs/ForestGround02.prefab using Guid(5cbae0602ce9acf41a98fda3a353569a) Importer(815301076,1909f56bfc062723c751e8b465ee728b)  -> (artifact id: 'c3fb7ef7b46a96fd6a327b0a64ab214e') in 0.012934 seconds 
========================================================================
Received Import Request.
  Time since last request: 0.000071 seconds.
  path: Assets/AurynSky/Forest Pack/Prefabs/ForestBridgeRegular.prefab
  artifactKey: Guid(38fa18ea33367784c891567389fdfb7a) Importer(815301076,1909f56bfc062723c751e8b465ee728b)
Start importing Assets/AurynSky/Forest Pack/Prefabs/ForestBridgeRegular.prefab using Guid(38fa18ea33367784c891567389fdfb7a) Importer(815301076,1909f56bfc062723c751e8b465ee728b)  -> (artifact id: 'b9dfd01995d3bf9470369539e83dbb29') in 0.012958 seconds 
========================================================================
Received Import Request.
  Time since last request: 0.000090 seconds.
  path: Assets/AurynSky/Forest Pack/Prefabs/WaterFall.prefab
  artifactKey: Guid(a27d6e7d56bdc84479be345a168e6c70) Importer(815301076,1909f56bfc062723c751e8b465ee728b)
Start importing Assets/AurynSky/Forest Pack/Prefabs/WaterFall.prefab using Guid(a27d6e7d56bdc84479be345a168e6c70) Importer(815301076,1909f56bfc062723c751e8b465ee728b)  -> (artifact id: 'a76fef361639a41adc6d3ed9ab3c89f7') in 0.095014 seconds 
========================================================================
Received Import Request.
  Time since last request: 0.000074 seconds.
  path: Assets/AurynSky/Forest Pack/Prefabs/ForestTreePineShort.prefab
  artifactKey: Guid(45fe3ec28eac2064d985117cf812ef9d) Importer(815301076,1909f56bfc062723c751e8b465ee728b)
Start importing Assets/AurynSky/Forest Pack/Prefabs/ForestTreePineShort.prefab using Guid(45fe3ec28eac2064d985117cf812ef9d) Importer(815301076,1909f56bfc062723c751e8b465ee728b)  -> (artifact id: '8e588e47c691d93d2b927a2609c2d985') in 0.014165 seconds 
========================================================================
Received Import Request.
  Time since last request: 0.000071 seconds.
  path: Assets/AurynSky/Forest Pack/Prefabs/ForestBridgeWide.prefab
  artifactKey: Guid(ba7e7b47e14ac404fbe09194158fbf80) Importer(815301076,1909f56bfc062723c751e8b465ee728b)
Start importing Assets/AurynSky/Forest Pack/Prefabs/ForestBridgeWide.prefab using Guid(ba7e7b47e14ac404fbe09194158fbf80) Importer(815301076,1909f56bfc062723c751e8b465ee728b)  -> (artifact id: '99a4630b32838890f810a679052b132b') in 0.013377 seconds 
========================================================================
Received Import Request.
  Time since last request: 0.000075 seconds.
  path: Assets/AurynSky/Forest Pack/Prefabs/ForestGround01.prefab
  artifactKey: Guid(1d9cc67243350f643b8c562ed0503c49) Importer(815301076,1909f56bfc062723c751e8b465ee728b)
Start importing Assets/AurynSky/Forest Pack/Prefabs/ForestGround01.prefab using Guid(1d9cc67243350f643b8c562ed0503c49) Importer(815301076,1909f56bfc062723c751e8b465ee728b)  -> (artifact id: '91f6cc910e6d0e40e2fcdfe13f4a430f') in 0.009509 seconds 
========================================================================
Received Import Request.
  Time since last request: 0.000053 seconds.
  path: Assets/AurynSky/Forest Pack/Prefabs/WaterPixiesSolo.prefab
  artifactKey: Guid(4d1a1b8720d1bc3438a87ab19ed6593a) Importer(815301076,1909f56bfc062723c751e8b465ee728b)
Start importing Assets/AurynSky/Forest Pack/Prefabs/WaterPixiesSolo.prefab using Guid(4d1a1b8720d1bc3438a87ab19ed6593a) Importer(815301076,1909f56bfc062723c751e8b465ee728b)  -> (artifact id: '43ba58620767997ca76ac8f26a4e81b2') in 0.058325 seconds 
========================================================================
Received Import Request.
  Time since last request: 0.000066 seconds.
  path: Assets/AurynSky/Forest Pack/Prefabs/WaterQuadSolo.prefab
  artifactKey: Guid(45a2654ed7e50b945bbbf5ab0a76e645) Importer(815301076,1909f56bfc062723c751e8b465ee728b)
Start importing Assets/AurynSky/Forest Pack/Prefabs/WaterQuadSolo.prefab using Guid(45a2654ed7e50b945bbbf5ab0a76e645) Importer(815301076,1909f56bfc062723c751e8b465ee728b)  -> (artifact id: '0990a5d8f256782ee20bb0cf5221ac84') in 0.254475 seconds 
========================================================================
Received Import Request.
  Time since last request: 0.000043 seconds.
  path: Assets/AurynSky/Forest Pack/Prefabs/RiverQuadSolo.prefab
  artifactKey: Guid(358cf835a1cf6dc44be7c394778cb1ce) Importer(815301076,1909f56bfc062723c751e8b465ee728b)
Start importing Assets/AurynSky/Forest Pack/Prefabs/RiverQuadSolo.prefab using Guid(358cf835a1cf6dc44be7c394778cb1ce) Importer(815301076,1909f56bfc062723c751e8b465ee728b)  -> (artifact id: 'a5630dc7234d8b823c5dd006d76a8f8c') in 0.320050 seconds 
========================================================================
Received Import Request.
  Time since last request: 0.000054 seconds.
  path: Assets/AurynSky/Forest Pack/Prefabs/ForestTreePineTall.prefab
  artifactKey: Guid(e150e8680dcf9784a89843e55668ad0e) Importer(815301076,1909f56bfc062723c751e8b465ee728b)
Start importing Assets/AurynSky/Forest Pack/Prefabs/ForestTreePineTall.prefab using Guid(e150e8680dcf9784a89843e55668ad0e) Importer(815301076,1909f56bfc062723c751e8b465ee728b)  -> (artifact id: 'd20602b0260fc8f6986a3c61d99708c5') in 0.008540 seconds 
========================================================================
Received Import Request.
  Time since last request: 28.791329 seconds.
  path: Assets/TerrainData_b6013c87-21b9-4536-910f-ea765a5f0e64.asset
  artifactKey: Guid(263b2fb5202d740a9ba86c95d4207312) Importer(815301076,1909f56bfc062723c751e8b465ee728b)
Start importing Assets/TerrainData_b6013c87-21b9-4536-910f-ea765a5f0e64.asset using Guid(263b2fb5202d740a9ba86c95d4207312) Importer(815301076,1909f56bfc062723c751e8b465ee728b)  -> (artifact id: 'cdaa16e1adc5e15079f58470b4179fef') in 0.089198 seconds 
========================================================================
Received Import Request.
  Time since last request: 0.000093 seconds.
  path: Assets/TerrainData_f9cf0914-67dd-40b5-9f82-5d6b7331a9d5.asset
  artifactKey: Guid(00dffe53c94d04e86a51dd9d98dc3331) Importer(815301076,1909f56bfc062723c751e8b465ee728b)
Start importing Assets/TerrainData_f9cf0914-67dd-40b5-9f82-5d6b7331a9d5.asset using Guid(00dffe53c94d04e86a51dd9d98dc3331) Importer(815301076,1909f56bfc062723c751e8b465ee728b)  -> (artifact id: '525cebeb7e027e59775f138b6dc09618') in 0.006291 seconds 
Editor requested this worker to shutdown with reason: Scaling down because of idle timeout
AssetImportWorker is now disconnected from the server
Process exiting
