Unity Editor version:    2021.2.14f1 (bcb93e5482d2)
Branch:                  2021.2/staging
Build type:              Release
Batch mode:              YES
macOS version:           Version 12.3 (Build 21E230)
Darwin version:          21.4.0
Architecture:            x86_64
Running under Rosetta:   NO
Available memory:        32768 MB
Using pre-set license
Pro License: YES

COMMAND LINE ARGUMENTS:
/Applications/Unity/Unity.app/Contents/MacOS/Unity
-adb2
-batchMode
-noUpm
-name
AssetImportWorker6
-projectPath
/Users/zhangxiangqian/Desktop/CIS410-CubeKiller/CubeKiller
-logFile
Logs/AssetImportWorker6.log
-srvPort
58531
Successfully changed project path to: /Users/zhangxiangqian/Desktop/CIS410-CubeKiller/CubeKiller
/Users/zhangxiangqian/Desktop/CIS410-CubeKiller/CubeKiller
[UnityMemory] Configuration Parameters - Can be set up in boot.config
    "memorysetup-bucket-allocator-granularity=16"
    "memorysetup-bucket-allocator-bucket-count=8"
    "memorysetup-bucket-allocator-block-size=33554432"
    "memorysetup-bucket-allocator-block-count=8"
    "memorysetup-main-allocator-block-size=16777216"
    "memorysetup-thread-allocator-block-size=16777216"
    "memorysetup-gfx-main-allocator-block-size=16777216"
    "memorysetup-gfx-thread-allocator-block-size=16777216"
    "memorysetup-cache-allocator-block-size=4194304"
    "memorysetup-typetree-allocator-block-size=2097152"
    "memorysetup-profiler-bucket-allocator-granularity=16"
    "memorysetup-profiler-bucket-allocator-bucket-count=8"
    "memorysetup-profiler-bucket-allocator-block-size=33554432"
    "memorysetup-profiler-bucket-allocator-block-count=8"
    "memorysetup-profiler-allocator-block-size=16777216"
    "memorysetup-profiler-editor-allocator-block-size=1048576"
    "memorysetup-temp-allocator-size-main=16777216"
    "memorysetup-job-temp-allocator-block-size=2097152"
    "memorysetup-job-temp-allocator-block-size-background=1048576"
    "memorysetup-job-temp-allocator-reduction-small-platforms=262144"
    "memorysetup-temp-allocator-size-background-worker=32768"
    "memorysetup-temp-allocator-size-job-worker=262144"
    "memorysetup-temp-allocator-size-preload-manager=33554432"
    "memorysetup-temp-allocator-size-nav-mesh-worker=65536"
    "memorysetup-temp-allocator-size-audio-worker=65536"
    "memorysetup-temp-allocator-size-cloud-worker=32768"
    "memorysetup-temp-allocator-size-gi-baking-worker=262144"
    "memorysetup-temp-allocator-size-gfx=262144"
Refreshing native plugins compatible for Editor in 86.75 ms, found 2 plugins.
Preloading 0 native plugins for Editor in 0.00 ms.
Initialize engine version: 2021.2.14f1 (bcb93e5482d2)
[Subsystems] Discovering subsystems at path /Applications/Unity/Unity.app/Contents/Resources/UnitySubsystems
[Subsystems] Discovering subsystems at path /Users/zhangxiangqian/Desktop/CIS410-CubeKiller/CubeKiller/Assets
GfxDevice: creating device client; threaded=0; jobified=0
Color LCD preferred device: AMD Radeon Pro 5500M (high power)
Metal devices available: 2
0: AMD Radeon Pro 5500M (high power)
1: Intel(R) UHD Graphics 630 (low power)
Using device AMD Radeon Pro 5500M (high power)
Initializing Metal device caps: AMD Radeon Pro 5500M
Initialize mono
Mono path[0] = '/Applications/Unity/Unity.app/Contents/Managed'
Mono path[1] = '/Applications/Unity/Unity.app/Contents/MonoBleedingEdge/lib/mono/unityjit-macos'
Mono config path = '/Applications/Unity/Unity.app/Contents/MonoBleedingEdge/etc'
Using monoOptions --debugger-agent=transport=dt_socket,embedding=1,server=y,suspend=n,address=127.0.0.1:56302
Begin MonoManager ReloadAssembly
Registering precompiled unity dll's ...
Register platform support module: /Applications/Unity/PlaybackEngines/WebGLSupport/UnityEditor.WebGL.Extensions.dll
Register platform support module: /Applications/Unity/Unity.app/Contents/PlaybackEngines/MacStandaloneSupport/UnityEditor.OSXStandalone.Extensions.dll
Register platform support module: /Applications/Unity/PlaybackEngines/iOSSupport/UnityEditor.iOS.Extensions.dll
Registered in 0.000633 seconds.
[usbmuxd] Start listen thread
[usbmuxd] Listen thread started
[usbmuxd] Send listen message
Native extension for iOS target not found
Native extension for OSXStandalone target not found
Native extension for WebGL target not found
Refreshing native plugins compatible for Editor in 76.23 ms, found 2 plugins.
Preloading 0 native plugins for Editor in 0.00 ms.
Mono: successfully reloaded assembly
- Completed reload, in  0.736 seconds
Domain Reload Profiling:
	ReloadAssembly (736ms)
		BeginReloadAssembly (56ms)
			ExecutionOrderSort (0ms)
			DisableScriptedObjects (0ms)
			BackupInstance (0ms)
			ReleaseScriptingObjects (0ms)
			CreateAndSetChildDomain (1ms)
		EndReloadAssembly (568ms)
			LoadAssemblies (55ms)
			RebuildTransferFunctionScriptingTraits (0ms)
			SetupTypeCache (138ms)
			ReleaseScriptCaches (0ms)
			RebuildScriptCaches (32ms)
			SetupLoadedEditorAssemblies (350ms)
				LogAssemblyErrors (0ms)
				InitializePlatformSupportModulesInManaged (72ms)
				SetLoadedEditorAssemblies (0ms)
				RefreshPlugins (76ms)
				BeforeProcessingInitializeOnLoad (1ms)
				ProcessInitializeOnLoadAttributes (155ms)
				ProcessInitializeOnLoadMethodAttributes (45ms)
				AfterProcessingInitializeOnLoad (0ms)
				EditorAssembliesLoaded (0ms)
			ExecutionOrderSort2 (0ms)
			AwakeInstancesAfterBackupRestoration (0ms)
Platform modules already initialized, skipping
Registering precompiled user dll's ...
Registered in 0.001674 seconds.
Begin MonoManager ReloadAssembly
Symbol file LoadedFromMemory doesn't match image /Users/zhangxiangqian/Desktop/CIS410-CubeKiller/CubeKiller/Library/PackageCache/com.unity.visualscripting@1.7.6/Editor/VisualScripting.Core/Dependencies/YamlDotNet/Unity.VisualScripting.YamlDotNet.dll
Symbol file LoadedFromMemory doesn't match image /Users/zhangxiangqian/Desktop/CIS410-CubeKiller/CubeKiller/Library/PackageCache/com.unity.visualscripting@1.7.6/Editor/VisualScripting.Core/Dependencies/DotNetZip/Unity.VisualScripting.IonicZip.dll
Native extension for iOS target not found
Native extension for OSXStandalone target not found
Native extension for WebGL target not found
Refreshing native plugins compatible for Editor in 0.74 ms, found 2 plugins.
Preloading 0 native plugins for Editor in 0.00 ms.
Mono: successfully reloaded assembly
- Completed reload, in  1.031 seconds
Domain Reload Profiling:
	ReloadAssembly (1031ms)
		BeginReloadAssembly (114ms)
			ExecutionOrderSort (0ms)
			DisableScriptedObjects (6ms)
			BackupInstance (0ms)
			ReleaseScriptingObjects (0ms)
			CreateAndSetChildDomain (27ms)
		EndReloadAssembly (793ms)
			LoadAssemblies (56ms)
			RebuildTransferFunctionScriptingTraits (0ms)
			SetupTypeCache (280ms)
			ReleaseScriptCaches (1ms)
			RebuildScriptCaches (55ms)
			SetupLoadedEditorAssemblies (358ms)
				LogAssemblyErrors (0ms)
				InitializePlatformSupportModulesInManaged (23ms)
				SetLoadedEditorAssemblies (1ms)
				RefreshPlugins (1ms)
				BeforeProcessingInitializeOnLoad (72ms)
				ProcessInitializeOnLoadAttributes (239ms)
				ProcessInitializeOnLoadMethodAttributes (22ms)
				AfterProcessingInitializeOnLoad (1ms)
				EditorAssembliesLoaded (0ms)
			ExecutionOrderSort2 (0ms)
			AwakeInstancesAfterBackupRestoration (3ms)
Platform modules already initialized, skipping
========================================================================
Worker process is ready to serve import requests
Launching external process: /Applications/Unity/Unity.app/Contents/Tools/UnityShaderCompiler
Launched and connected shader compiler UnityShaderCompiler after 0.06 seconds
Refreshing native plugins compatible for Editor in 0.59 ms, found 2 plugins.
Preloading 0 native plugins for Editor in 0.00 ms.
Unloading 3220 Unused Serialized files (Serialized files now loaded: 0)
Unloading 23 unused Assets / (95.7 KB). Loaded Objects now: 3699.
Memory consumption went from 235.4 MB to 235.3 MB.
Total: 3.355791 ms (FindLiveObjects: 0.257523 ms CreateObjectMapping: 0.150437 ms MarkObjects: 2.836509 ms  DeleteObjects: 0.110516 ms)

AssetImportParameters requested are different than current active one (requested -> active):
  custom:video-decoder-ogg-theora: a1e56fd34408186e4bbccfd4996cb3dc -> 
  custom:container-muxer-webm: aa71ff27fc2769a1b78a27578f13a17b -> 
  custom:container-demuxer-webm: 4f35f7cbe854078d1ac9338744f61a02 -> 
  custom:video-encoder-webm-vp8: eb34c28f22e8b96e1ab97ce403110664 -> 
  custom:framework-osx-AVFoundation: e770b220cccbd017edd2c1fefb359320 -> 
  custom:audio-encoder-webm-vorbis: bf7c407c2cedff20999df2af8eb42d56 -> 
  custom:container-demuxer-ogg: 62fdf1f143b41e24485cea50d1cbac27 -> 
  custom:video-decoder-webm-vp8: 9c59270c3fd7afecdb556c50c9e8de78 -> 
  custom:audio-decoder-ogg-vorbis: bf7c407c2cedff20999df2af8eb42d56 -> 
========================================================================
Received Import Request.
  Time since last request: 71398.631601 seconds.
  path: Assets/AurynSky/Forest Pack/Models/ForestBarrel.fbx
  artifactKey: Guid(0e448df1bb3fe6d44ae7119bf0d484aa) Importer(815301076,1909f56bfc062723c751e8b465ee728b)
Start importing Assets/AurynSky/Forest Pack/Models/ForestBarrel.fbx using Guid(0e448df1bb3fe6d44ae7119bf0d484aa) Importer(815301076,1909f56bfc062723c751e8b465ee728b)  -> (artifact id: '4e29c32bdb006da3d6bcb649a3c6f7c7') in 0.267475 seconds 
========================================================================
Received Import Request.
  Time since last request: 0.000108 seconds.
  path: Assets/AurynSky/Forest Pack/Models/ForestBridgeRegular.fbx
  artifactKey: Guid(27f378e54c3d81f44b2a8420b6896d59) Importer(815301076,1909f56bfc062723c751e8b465ee728b)
Start importing Assets/AurynSky/Forest Pack/Models/ForestBridgeRegular.fbx using Guid(27f378e54c3d81f44b2a8420b6896d59) Importer(815301076,1909f56bfc062723c751e8b465ee728b)  -> (artifact id: '40ee9e2b902bf1baad4189d6194f35c3') in 0.027676 seconds 
========================================================================
Received Import Request.
  Time since last request: 0.000051 seconds.
  path: Assets/AurynSky/Forest Pack/Models/ForestCoin.fbx
  artifactKey: Guid(200be9953d192cd48a8b41a5db3fd1bf) Importer(815301076,1909f56bfc062723c751e8b465ee728b)
Start importing Assets/AurynSky/Forest Pack/Models/ForestCoin.fbx using Guid(200be9953d192cd48a8b41a5db3fd1bf) Importer(815301076,1909f56bfc062723c751e8b465ee728b)  -> (artifact id: 'dd0061846b343e20f63ce168fa9842d8') in 0.018430 seconds 
========================================================================
Received Import Request.
  Time since last request: 0.000079 seconds.
  path: Assets/AurynSky/Forest Pack/Models/ForestLadderExtra.fbx
  artifactKey: Guid(d3e0e0f50a8a0244682ed6295d472f6f) Importer(815301076,1909f56bfc062723c751e8b465ee728b)
Start importing Assets/AurynSky/Forest Pack/Models/ForestLadderExtra.fbx using Guid(d3e0e0f50a8a0244682ed6295d472f6f) Importer(815301076,1909f56bfc062723c751e8b465ee728b)  -> (artifact id: '91ed09ff22a58e7e6548f66428244a3a') in 0.018461 seconds 
========================================================================
Received Import Request.
  Time since last request: 0.000053 seconds.
  path: Assets/AurynSky/Forest Pack/Models/ForestBlock01.fbx
  artifactKey: Guid(8f059788f09129548819124918076d2e) Importer(815301076,1909f56bfc062723c751e8b465ee728b)
Start importing Assets/AurynSky/Forest Pack/Models/ForestBlock01.fbx using Guid(8f059788f09129548819124918076d2e) Importer(815301076,1909f56bfc062723c751e8b465ee728b)  -> (artifact id: 'a1b1d515b17409fcee787f4a7f38e205') in 0.020505 seconds 
========================================================================
Received Import Request.
  Time since last request: 0.000077 seconds.
  path: Assets/AurynSky/Forest Pack/Models/ForestCastleDoorR.fbx
  artifactKey: Guid(9093fea64d769c14686f81a998814598) Importer(815301076,1909f56bfc062723c751e8b465ee728b)
Start importing Assets/AurynSky/Forest Pack/Models/ForestCastleDoorR.fbx using Guid(9093fea64d769c14686f81a998814598) Importer(815301076,1909f56bfc062723c751e8b465ee728b)  -> (artifact id: 'cfdb31e512aeb1330bbf2029b94909df') in 0.025006 seconds 
========================================================================
Received Import Request.
  Time since last request: 0.000070 seconds.
  path: Assets/AurynSky/Forest Pack/Models/ForestCatapultWheel.fbx
  artifactKey: Guid(3d789200e36f37548bdc5333aed7f702) Importer(815301076,1909f56bfc062723c751e8b465ee728b)
Start importing Assets/AurynSky/Forest Pack/Models/ForestCatapultWheel.fbx using Guid(3d789200e36f37548bdc5333aed7f702) Importer(815301076,1909f56bfc062723c751e8b465ee728b)  -> (artifact id: 'a30eebb3a0a0fc47368204b0b8c4be06') in 0.025345 seconds 
========================================================================
Received Import Request.
  Time since last request: 0.000066 seconds.
  path: Assets/AurynSky/Forest Pack/Models/ForestTower.fbx
  artifactKey: Guid(31e91474d696aac42a8e41c3cba06388) Importer(815301076,1909f56bfc062723c751e8b465ee728b)
Start importing Assets/AurynSky/Forest Pack/Models/ForestTower.fbx using Guid(31e91474d696aac42a8e41c3cba06388) Importer(815301076,1909f56bfc062723c751e8b465ee728b)  -> (artifact id: '434b184ac7ead855b289ef57b247c429') in 0.022986 seconds 
========================================================================
Received Import Request.
  Time since last request: 0.000095 seconds.
  path: Assets/AurynSky/Forest Pack/Models/ForestBlock02.fbx
  artifactKey: Guid(481b9e0107aab3041b49f72c38151e69) Importer(815301076,1909f56bfc062723c751e8b465ee728b)
Start importing Assets/AurynSky/Forest Pack/Models/ForestBlock02.fbx using Guid(481b9e0107aab3041b49f72c38151e69) Importer(815301076,1909f56bfc062723c751e8b465ee728b)  -> (artifact id: 'e7071b055908e363c5796dae03e040d6') in 0.019989 seconds 
========================================================================
Received Import Request.
  Time since last request: 0.000068 seconds.
  path: Assets/AurynSky/Forest Pack/Models/ForestTreePineTall.fbx
  artifactKey: Guid(6819aaac952b96048b10875168436abb) Importer(815301076,1909f56bfc062723c751e8b465ee728b)
Start importing Assets/AurynSky/Forest Pack/Models/ForestTreePineTall.fbx using Guid(6819aaac952b96048b10875168436abb) Importer(815301076,1909f56bfc062723c751e8b465ee728b)  -> (artifact id: '7ce064554fa3c357d450f5dbe06f3f89') in 0.019316 seconds 
========================================================================
Received Import Request.
  Time since last request: 0.000095 seconds.
  path: Assets/AurynSky/Forest Pack/Models/ForestCatapultArm.fbx
  artifactKey: Guid(40ae94ff29e3cc14684b05ba0fd90f05) Importer(815301076,1909f56bfc062723c751e8b465ee728b)
Start importing Assets/AurynSky/Forest Pack/Models/ForestCatapultArm.fbx using Guid(40ae94ff29e3cc14684b05ba0fd90f05) Importer(815301076,1909f56bfc062723c751e8b465ee728b)  -> (artifact id: 'b3dad70ff46ff34d1697d651636d908b') in 0.021705 seconds 
========================================================================
Received Import Request.
  Time since last request: 0.000045 seconds.
  path: Assets/AurynSky/Forest Pack/Models/ForestBrazzier.fbx
  artifactKey: Guid(d6810d6654be8544f9195fa0f6d1121a) Importer(815301076,1909f56bfc062723c751e8b465ee728b)
Start importing Assets/AurynSky/Forest Pack/Models/ForestBrazzier.fbx using Guid(d6810d6654be8544f9195fa0f6d1121a) Importer(815301076,1909f56bfc062723c751e8b465ee728b)  -> (artifact id: '07155dc8f9ccd95d6ebf6a24f68e149e') in 0.021648 seconds 
========================================================================
Received Import Request.
  Time since last request: 0.000086 seconds.
  path: Assets/AurynSky/Forest Pack/Models/ForestGrass01.fbx
  artifactKey: Guid(dc09b7fdd0db0bd499b52f8862b84c83) Importer(815301076,1909f56bfc062723c751e8b465ee728b)
Start importing Assets/AurynSky/Forest Pack/Models/ForestGrass01.fbx using Guid(dc09b7fdd0db0bd499b52f8862b84c83) Importer(815301076,1909f56bfc062723c751e8b465ee728b)  -> (artifact id: '22aad6ec3cf8b29c811ddf457231aaf2') in 0.019283 seconds 
========================================================================
Received Import Request.
  Time since last request: 0.000052 seconds.
  path: Assets/AurynSky/Forest Pack/Models/ForestCastle.fbx
  artifactKey: Guid(758bef35d3e7c74459b15b2b738f7931) Importer(815301076,1909f56bfc062723c751e8b465ee728b)
Start importing Assets/AurynSky/Forest Pack/Models/ForestCastle.fbx using Guid(758bef35d3e7c74459b15b2b738f7931) Importer(815301076,1909f56bfc062723c751e8b465ee728b)  -> (artifact id: '727b1bb07bdead343897945084b8fb59') in 0.021968 seconds 
========================================================================
Received Import Request.
  Time since last request: 5.747531 seconds.
  path: Assets/Tale Monster Cube Env/Meshes/Base_2.asset
  artifactKey: Guid(ea13882c2c7fcf544ad463302d3f7925) Importer(815301076,1909f56bfc062723c751e8b465ee728b)
Start importing Assets/Tale Monster Cube Env/Meshes/Base_2.asset using Guid(ea13882c2c7fcf544ad463302d3f7925) Importer(815301076,1909f56bfc062723c751e8b465ee728b)  -> (artifact id: '8979a534942fe5beb09880edd02f46d1') in 0.128731 seconds 
========================================================================
Received Import Request.
  Time since last request: 0.000064 seconds.
  path: Assets/Tale Monster Cube Env/Meshes/Top.asset
  artifactKey: Guid(8de0bba6ac3c6c044a1204aec9828b28) Importer(815301076,1909f56bfc062723c751e8b465ee728b)
Start importing Assets/Tale Monster Cube Env/Meshes/Top.asset using Guid(8de0bba6ac3c6c044a1204aec9828b28) Importer(815301076,1909f56bfc062723c751e8b465ee728b)  -> (artifact id: '491190e3b1c602782eb4fa434780f8ef') in 0.009322 seconds 
========================================================================
Received Import Request.
  Time since last request: 0.000054 seconds.
  path: Assets/Tale Monster Cube Env/Meshes/Wood_bridge.asset
  artifactKey: Guid(867c81b0871029c4cbb84fd942cb26b4) Importer(815301076,1909f56bfc062723c751e8b465ee728b)
Start importing Assets/Tale Monster Cube Env/Meshes/Wood_bridge.asset using Guid(867c81b0871029c4cbb84fd942cb26b4) Importer(815301076,1909f56bfc062723c751e8b465ee728b)  -> (artifact id: '8f878e26b9aa6073a6aa6db72a1f4344') in 0.013776 seconds 
========================================================================
Received Import Request.
  Time since last request: 0.000058 seconds.
  path: Assets/Tale Monster Cube Env/Meshes/Top_9.asset
  artifactKey: Guid(6b5598d11198a0849b91e4be227bde72) Importer(815301076,1909f56bfc062723c751e8b465ee728b)
Start importing Assets/Tale Monster Cube Env/Meshes/Top_9.asset using Guid(6b5598d11198a0849b91e4be227bde72) Importer(815301076,1909f56bfc062723c751e8b465ee728b)  -> (artifact id: 'd8fab48d3dcdfaf57628b705e2c5e90b') in 0.017186 seconds 
========================================================================
Received Import Request.
  Time since last request: 0.000106 seconds.
  path: Assets/Tale Monster Cube Env/Meshes/Coin.asset
  artifactKey: Guid(f128d26878c5d444d8875a398a91a876) Importer(815301076,1909f56bfc062723c751e8b465ee728b)
Start importing Assets/Tale Monster Cube Env/Meshes/Coin.asset using Guid(f128d26878c5d444d8875a398a91a876) Importer(815301076,1909f56bfc062723c751e8b465ee728b)  -> (artifact id: '69008cc88cb560310160ac83c3813fbf') in 0.008980 seconds 
========================================================================
Received Import Request.
  Time since last request: 0.000085 seconds.
  path: Assets/Tale Monster Cube Env/Meshes/Tree.asset
  artifactKey: Guid(7474b876d2a11604b8b786c7d75f8d8f) Importer(815301076,1909f56bfc062723c751e8b465ee728b)
Start importing Assets/Tale Monster Cube Env/Meshes/Tree.asset using Guid(7474b876d2a11604b8b786c7d75f8d8f) Importer(815301076,1909f56bfc062723c751e8b465ee728b)  -> (artifact id: '5e3c585e49e1e77cb9901baf4492e01c') in 0.012439 seconds 
========================================================================
Received Import Request.
  Time since last request: 0.000109 seconds.
  path: Assets/Tale Monster Cube Env/Meshes/Tree_Cut_2.asset
  artifactKey: Guid(d2243a990b902f4468bbffc757d16963) Importer(815301076,1909f56bfc062723c751e8b465ee728b)
Start importing Assets/Tale Monster Cube Env/Meshes/Tree_Cut_2.asset using Guid(d2243a990b902f4468bbffc757d16963) Importer(815301076,1909f56bfc062723c751e8b465ee728b)  -> (artifact id: '31a4e83a60f07af428ece760845143e8') in 0.010266 seconds 
========================================================================
Received Import Request.
  Time since last request: 0.000097 seconds.
  path: Assets/Tale Monster Cube Env/Meshes/Top_Castle_3.asset
  artifactKey: Guid(0c6ba915f9b05e141a320299a8b34de2) Importer(815301076,1909f56bfc062723c751e8b465ee728b)
Start importing Assets/Tale Monster Cube Env/Meshes/Top_Castle_3.asset using Guid(0c6ba915f9b05e141a320299a8b34de2) Importer(815301076,1909f56bfc062723c751e8b465ee728b)  -> (artifact id: '87fdf0a2b7b0a3fff7689905615ff11d') in 0.010589 seconds 
========================================================================
Received Import Request.
  Time since last request: 0.000067 seconds.
  path: Assets/Tale Monster Cube Env/Meshes/Base_5_solid.asset
  artifactKey: Guid(421450eb5e88c2b4aaeadb4b076e604a) Importer(815301076,1909f56bfc062723c751e8b465ee728b)
Start importing Assets/Tale Monster Cube Env/Meshes/Base_5_solid.asset using Guid(421450eb5e88c2b4aaeadb4b076e604a) Importer(815301076,1909f56bfc062723c751e8b465ee728b)  -> (artifact id: '442291e014164f3071fc4995caba3616') in 0.009686 seconds 
========================================================================
Received Import Request.
  Time since last request: 0.000073 seconds.
  path: Assets/Tale Monster Cube Env/Meshes/Top_5.asset
  artifactKey: Guid(6b2381b145c9aba45a4a11d38ffa4cd3) Importer(815301076,1909f56bfc062723c751e8b465ee728b)
Start importing Assets/Tale Monster Cube Env/Meshes/Top_5.asset using Guid(6b2381b145c9aba45a4a11d38ffa4cd3) Importer(815301076,1909f56bfc062723c751e8b465ee728b)  -> (artifact id: 'f1dbea08e26e8bc7226d063d9f732c28') in 0.014937 seconds 
========================================================================
Received Import Request.
  Time since last request: 0.000068 seconds.
  path: Assets/Tale Monster Cube Env/Meshes/Tree_1.asset
  artifactKey: Guid(518f2e9e6d7be56469c466ee817efa65) Importer(815301076,1909f56bfc062723c751e8b465ee728b)
Start importing Assets/Tale Monster Cube Env/Meshes/Tree_1.asset using Guid(518f2e9e6d7be56469c466ee817efa65) Importer(815301076,1909f56bfc062723c751e8b465ee728b)  -> (artifact id: '7233b492a5ebb5218025286b6298ef38') in 0.012385 seconds 
========================================================================
Received Import Request.
  Time since last request: 0.000069 seconds.
  path: Assets/Tale Monster Cube Env/Meshes/Top_4.asset
  artifactKey: Guid(40ccadd3837d6f94484e359e80012699) Importer(815301076,1909f56bfc062723c751e8b465ee728b)
Start importing Assets/Tale Monster Cube Env/Meshes/Top_4.asset using Guid(40ccadd3837d6f94484e359e80012699) Importer(815301076,1909f56bfc062723c751e8b465ee728b)  -> (artifact id: '30a25e32eb5216fc40e75c99fb871e38') in 0.009194 seconds 
========================================================================
Received Import Request.
  Time since last request: 0.000059 seconds.
  path: Assets/Tale Monster Cube Env/Meshes/Rock_2.asset
  artifactKey: Guid(a30ca6c27a814ba4fbba1f5b44a79a1c) Importer(815301076,1909f56bfc062723c751e8b465ee728b)
Start importing Assets/Tale Monster Cube Env/Meshes/Rock_2.asset using Guid(a30ca6c27a814ba4fbba1f5b44a79a1c) Importer(815301076,1909f56bfc062723c751e8b465ee728b)  -> (artifact id: '3eb28a4dc09c075fbead496e9ce12cb8') in 0.010055 seconds 
========================================================================
Received Import Request.
  Time since last request: 0.000076 seconds.
  path: Assets/Tale Monster Cube Env/Meshes/Rocks_4.asset
  artifactKey: Guid(4be7056de9559824b9e487c57463046a) Importer(815301076,1909f56bfc062723c751e8b465ee728b)
Start importing Assets/Tale Monster Cube Env/Meshes/Rocks_4.asset using Guid(4be7056de9559824b9e487c57463046a) Importer(815301076,1909f56bfc062723c751e8b465ee728b)  -> (artifact id: 'f51e0fd3dfc799d6b7a53139a3e15858') in 0.007986 seconds 
========================================================================
Received Import Request.
  Time since last request: 0.000117 seconds.
  path: Assets/Tale Monster Cube Env/Meshes/Rock.asset
  artifactKey: Guid(40e2409f4cec12c479853502f15a6013) Importer(815301076,1909f56bfc062723c751e8b465ee728b)
Start importing Assets/Tale Monster Cube Env/Meshes/Rock.asset using Guid(40e2409f4cec12c479853502f15a6013) Importer(815301076,1909f56bfc062723c751e8b465ee728b)  -> (artifact id: '7d3c9e108413607dbd3239427b081fd1') in 0.008722 seconds 
========================================================================
Received Import Request.
  Time since last request: 0.193205 seconds.
  path: Assets/Tale Monster Cube Env/Materials/Dirt.mat
  artifactKey: Guid(e7e0463e6cfc5024c9ec44e8a7feec23) Importer(815301076,1909f56bfc062723c751e8b465ee728b)
Start importing Assets/Tale Monster Cube Env/Materials/Dirt.mat using Guid(e7e0463e6cfc5024c9ec44e8a7feec23) Importer(815301076,1909f56bfc062723c751e8b465ee728b)  -> (artifact id: '65e0d0544cdc74b31b445a10fe35fa57') in 0.094096 seconds 
========================================================================
Received Import Request.
  Time since last request: 0.000088 seconds.
  path: Assets/Tale Monster Cube Env/Materials/Grass 1.mat
  artifactKey: Guid(313169169abd70644b1a6b4149abf128) Importer(815301076,1909f56bfc062723c751e8b465ee728b)
Start importing Assets/Tale Monster Cube Env/Materials/Grass 1.mat using Guid(313169169abd70644b1a6b4149abf128) Importer(815301076,1909f56bfc062723c751e8b465ee728b)  -> (artifact id: '3619230befc020164e62bcefc30abd97') in 0.009477 seconds 
========================================================================
Received Import Request.
  Time since last request: 0.000066 seconds.
  path: Assets/Tale Monster Cube Env/Materials/Window.mat
  artifactKey: Guid(39c710ae8689ffc4e8c101d972b2190d) Importer(815301076,1909f56bfc062723c751e8b465ee728b)
Start importing Assets/Tale Monster Cube Env/Materials/Window.mat using Guid(39c710ae8689ffc4e8c101d972b2190d) Importer(815301076,1909f56bfc062723c751e8b465ee728b)  -> (artifact id: 'de06add8600abee468c97cf89897efe1') in 0.011889 seconds 
========================================================================
Received Import Request.
  Time since last request: 0.000113 seconds.
  path: Assets/Tale Monster Cube Env/Materials/Wood 1.mat
  artifactKey: Guid(e706dee6b694da449922c70e9316f751) Importer(815301076,1909f56bfc062723c751e8b465ee728b)
Start importing Assets/Tale Monster Cube Env/Materials/Wood 1.mat using Guid(e706dee6b694da449922c70e9316f751) Importer(815301076,1909f56bfc062723c751e8b465ee728b)  -> (artifact id: 'af155fdbeb413b9aa31d9a5145ea614f') in 0.011143 seconds 
========================================================================
Received Import Request.
  Time since last request: 0.000081 seconds.
  path: Assets/Tale Monster Cube Env/Materials/Wood.mat
  artifactKey: Guid(d994ec918c35a83469584dd64dc8b17d) Importer(815301076,1909f56bfc062723c751e8b465ee728b)
Start importing Assets/Tale Monster Cube Env/Materials/Wood.mat using Guid(d994ec918c35a83469584dd64dc8b17d) Importer(815301076,1909f56bfc062723c751e8b465ee728b)  -> (artifact id: '30837202dd3f035b2025a6b2cd7352c3') in 0.008232 seconds 
Editor requested this worker to shutdown with reason: Scaling down because of idle timeout
AssetImportWorker is now disconnected from the server
Process exiting
