Unity Editor version:    2021.2.14f1 (bcb93e5482d2)
Branch:                  2021.2/staging
Build type:              Release
Batch mode:              YES
macOS version:           Version 12.3 (Build 21E230)
Darwin version:          21.4.0
Architecture:            x86_64
Running under Rosetta:   NO
Available memory:        32768 MB
Using pre-set license
Pro License: YES

COMMAND LINE ARGUMENTS:
/Applications/Unity/Unity.app/Contents/MacOS/Unity
-adb2
-batchMode
-noUpm
-name
AssetImportWorker3
-projectPath
/Users/zhangxiangqian/Desktop/CIS410-CubeKiller/CubeKiller
-logFile
Logs/AssetImportWorker3.log
-srvPort
58531
Successfully changed project path to: /Users/zhangxiangqian/Desktop/CIS410-CubeKiller/CubeKiller
/Users/zhangxiangqian/Desktop/CIS410-CubeKiller/CubeKiller
[UnityMemory] Configuration Parameters - Can be set up in boot.config
    "memorysetup-bucket-allocator-granularity=16"
    "memorysetup-bucket-allocator-bucket-count=8"
    "memorysetup-bucket-allocator-block-size=33554432"
    "memorysetup-bucket-allocator-block-count=8"
    "memorysetup-main-allocator-block-size=16777216"
    "memorysetup-thread-allocator-block-size=16777216"
    "memorysetup-gfx-main-allocator-block-size=16777216"
    "memorysetup-gfx-thread-allocator-block-size=16777216"
    "memorysetup-cache-allocator-block-size=4194304"
    "memorysetup-typetree-allocator-block-size=2097152"
    "memorysetup-profiler-bucket-allocator-granularity=16"
    "memorysetup-profiler-bucket-allocator-bucket-count=8"
    "memorysetup-profiler-bucket-allocator-block-size=33554432"
    "memorysetup-profiler-bucket-allocator-block-count=8"
    "memorysetup-profiler-allocator-block-size=16777216"
    "memorysetup-profiler-editor-allocator-block-size=1048576"
    "memorysetup-temp-allocator-size-main=16777216"
    "memorysetup-job-temp-allocator-block-size=2097152"
    "memorysetup-job-temp-allocator-block-size-background=1048576"
    "memorysetup-job-temp-allocator-reduction-small-platforms=262144"
    "memorysetup-temp-allocator-size-background-worker=32768"
    "memorysetup-temp-allocator-size-job-worker=262144"
    "memorysetup-temp-allocator-size-preload-manager=33554432"
    "memorysetup-temp-allocator-size-nav-mesh-worker=65536"
    "memorysetup-temp-allocator-size-audio-worker=65536"
    "memorysetup-temp-allocator-size-cloud-worker=32768"
    "memorysetup-temp-allocator-size-gi-baking-worker=262144"
    "memorysetup-temp-allocator-size-gfx=262144"
Refreshing native plugins compatible for Editor in 86.09 ms, found 2 plugins.
Preloading 0 native plugins for Editor in 0.00 ms.
Initialize engine version: 2021.2.14f1 (bcb93e5482d2)
[Subsystems] Discovering subsystems at path /Applications/Unity/Unity.app/Contents/Resources/UnitySubsystems
[Subsystems] Discovering subsystems at path /Users/zhangxiangqian/Desktop/CIS410-CubeKiller/CubeKiller/Assets
GfxDevice: creating device client; threaded=0; jobified=0
Color LCD preferred device: AMD Radeon Pro 5500M (high power)
Metal devices available: 2
0: AMD Radeon Pro 5500M (high power)
1: Intel(R) UHD Graphics 630 (low power)
Using device AMD Radeon Pro 5500M (high power)
Initializing Metal device caps: AMD Radeon Pro 5500M
Initialize mono
Mono path[0] = '/Applications/Unity/Unity.app/Contents/Managed'
Mono path[1] = '/Applications/Unity/Unity.app/Contents/MonoBleedingEdge/lib/mono/unityjit-macos'
Mono config path = '/Applications/Unity/Unity.app/Contents/MonoBleedingEdge/etc'
Using monoOptions --debugger-agent=transport=dt_socket,embedding=1,server=y,suspend=n,address=127.0.0.1:56149
Begin MonoManager ReloadAssembly
Registering precompiled unity dll's ...
Register platform support module: /Applications/Unity/PlaybackEngines/WebGLSupport/UnityEditor.WebGL.Extensions.dll
Register platform support module: /Applications/Unity/Unity.app/Contents/PlaybackEngines/MacStandaloneSupport/UnityEditor.OSXStandalone.Extensions.dll
Register platform support module: /Applications/Unity/PlaybackEngines/iOSSupport/UnityEditor.iOS.Extensions.dll
Registered in 0.000749 seconds.
[usbmuxd] Start listen thread
[usbmuxd] Listen thread started
[usbmuxd] Send listen message
Native extension for iOS target not found
Native extension for OSXStandalone target not found
Native extension for WebGL target not found
Refreshing native plugins compatible for Editor in 81.47 ms, found 2 plugins.
Preloading 0 native plugins for Editor in 0.00 ms.
Mono: successfully reloaded assembly
- Completed reload, in  0.920 seconds
Domain Reload Profiling:
	ReloadAssembly (920ms)
		BeginReloadAssembly (75ms)
			ExecutionOrderSort (0ms)
			DisableScriptedObjects (0ms)
			BackupInstance (0ms)
			ReleaseScriptingObjects (0ms)
			CreateAndSetChildDomain (1ms)
		EndReloadAssembly (678ms)
			LoadAssemblies (75ms)
			RebuildTransferFunctionScriptingTraits (0ms)
			SetupTypeCache (153ms)
			ReleaseScriptCaches (0ms)
			RebuildScriptCaches (39ms)
			SetupLoadedEditorAssemblies (424ms)
				LogAssemblyErrors (0ms)
				InitializePlatformSupportModulesInManaged (103ms)
				SetLoadedEditorAssemblies (0ms)
				RefreshPlugins (81ms)
				BeforeProcessingInitializeOnLoad (1ms)
				ProcessInitializeOnLoadAttributes (185ms)
				ProcessInitializeOnLoadMethodAttributes (53ms)
				AfterProcessingInitializeOnLoad (0ms)
				EditorAssembliesLoaded (0ms)
			ExecutionOrderSort2 (0ms)
			AwakeInstancesAfterBackupRestoration (0ms)
Platform modules already initialized, skipping
Registering precompiled user dll's ...
Registered in 0.002032 seconds.
Begin MonoManager ReloadAssembly
Symbol file LoadedFromMemory doesn't match image /Users/zhangxiangqian/Desktop/CIS410-CubeKiller/CubeKiller/Library/PackageCache/com.unity.visualscripting@1.7.6/Editor/VisualScripting.Core/Dependencies/YamlDotNet/Unity.VisualScripting.YamlDotNet.dll
Symbol file LoadedFromMemory doesn't match image /Users/zhangxiangqian/Desktop/CIS410-CubeKiller/CubeKiller/Library/PackageCache/com.unity.visualscripting@1.7.6/Editor/VisualScripting.Core/Dependencies/DotNetZip/Unity.VisualScripting.IonicZip.dll
Native extension for iOS target not found
Native extension for OSXStandalone target not found
Native extension for WebGL target not found
Refreshing native plugins compatible for Editor in 0.59 ms, found 2 plugins.
Preloading 0 native plugins for Editor in 0.00 ms.
Mono: successfully reloaded assembly
- Completed reload, in  1.020 seconds
Domain Reload Profiling:
	ReloadAssembly (1021ms)
		BeginReloadAssembly (98ms)
			ExecutionOrderSort (0ms)
			DisableScriptedObjects (6ms)
			BackupInstance (0ms)
			ReleaseScriptingObjects (0ms)
			CreateAndSetChildDomain (21ms)
		EndReloadAssembly (801ms)
			LoadAssemblies (56ms)
			RebuildTransferFunctionScriptingTraits (0ms)
			SetupTypeCache (285ms)
			ReleaseScriptCaches (1ms)
			RebuildScriptCaches (56ms)
			SetupLoadedEditorAssemblies (354ms)
				LogAssemblyErrors (0ms)
				InitializePlatformSupportModulesInManaged (24ms)
				SetLoadedEditorAssemblies (0ms)
				RefreshPlugins (1ms)
				BeforeProcessingInitializeOnLoad (70ms)
				ProcessInitializeOnLoadAttributes (234ms)
				ProcessInitializeOnLoadMethodAttributes (23ms)
				AfterProcessingInitializeOnLoad (1ms)
				EditorAssembliesLoaded (0ms)
			ExecutionOrderSort2 (0ms)
			AwakeInstancesAfterBackupRestoration (5ms)
Platform modules already initialized, skipping
========================================================================
Worker process is ready to serve import requests
Launching external process: /Applications/Unity/Unity.app/Contents/Tools/UnityShaderCompiler
Launched and connected shader compiler UnityShaderCompiler after 0.06 seconds
Refreshing native plugins compatible for Editor in 0.47 ms, found 2 plugins.
Preloading 0 native plugins for Editor in 0.00 ms.
Unloading 3220 Unused Serialized files (Serialized files now loaded: 0)
Unloading 23 unused Assets / (95.5 KB). Loaded Objects now: 3697.
Memory consumption went from 235.0 MB to 234.9 MB.
Total: 3.378960 ms (FindLiveObjects: 0.275857 ms CreateObjectMapping: 0.135968 ms MarkObjects: 2.857761 ms  DeleteObjects: 0.108589 ms)

AssetImportParameters requested are different than current active one (requested -> active):
  custom:video-decoder-ogg-theora: a1e56fd34408186e4bbccfd4996cb3dc -> 
  custom:container-muxer-webm: aa71ff27fc2769a1b78a27578f13a17b -> 
  custom:container-demuxer-webm: 4f35f7cbe854078d1ac9338744f61a02 -> 
  custom:video-encoder-webm-vp8: eb34c28f22e8b96e1ab97ce403110664 -> 
  custom:framework-osx-AVFoundation: e770b220cccbd017edd2c1fefb359320 -> 
  custom:audio-encoder-webm-vorbis: bf7c407c2cedff20999df2af8eb42d56 -> 
  custom:container-demuxer-ogg: 62fdf1f143b41e24485cea50d1cbac27 -> 
  custom:video-decoder-webm-vp8: 9c59270c3fd7afecdb556c50c9e8de78 -> 
  custom:audio-decoder-ogg-vorbis: bf7c407c2cedff20999df2af8eb42d56 -> 
========================================================================
Received Import Request.
  Time since last request: 71015.137650 seconds.
  path: Assets/TerrainData_ec6f1b93-92db-4258-92bd-e147c6d84aa2.asset
  artifactKey: Guid(3429db464145544c6a58e88a7eb4f4c6) Importer(815301076,1909f56bfc062723c751e8b465ee728b)
Start importing Assets/TerrainData_ec6f1b93-92db-4258-92bd-e147c6d84aa2.asset using Guid(3429db464145544c6a58e88a7eb4f4c6) Importer(815301076,1909f56bfc062723c751e8b465ee728b)  -> (artifact id: 'd48663fecec9915dcf723d63f5715029') in 0.139738 seconds 
========================================================================
Received Import Request.
  Time since last request: 63.410381 seconds.
  path: Assets/AurynSky/Forest Pack/Prefabs/Prefabs_Blue/ForestCastle_Blue.prefab
  artifactKey: Guid(72b5f3ccc49ab5c4fa326915f1aabbd8) Importer(815301076,1909f56bfc062723c751e8b465ee728b)
Start importing Assets/AurynSky/Forest Pack/Prefabs/Prefabs_Blue/ForestCastle_Blue.prefab using Guid(72b5f3ccc49ab5c4fa326915f1aabbd8) Importer(815301076,1909f56bfc062723c751e8b465ee728b)  -> (artifact id: '878dddcf2f81c4445e876c0641c1101d') in 0.515739 seconds 
========================================================================
Received Import Request.
  Time since last request: 48.611328 seconds.
  path: Assets/Tale Monster Cube Env/Prefabs/Base/Base_3.prefab
  artifactKey: Guid(2599e607b6d930e4ab5b6d1e1d05ce2f) Importer(815301076,1909f56bfc062723c751e8b465ee728b)
Start importing Assets/Tale Monster Cube Env/Prefabs/Base/Base_3.prefab using Guid(2599e607b6d930e4ab5b6d1e1d05ce2f) Importer(815301076,1909f56bfc062723c751e8b465ee728b)  -> (artifact id: '01e94313dff5a82808ed8484c9b1d06e') in 0.344354 seconds 
========================================================================
Received Import Request.
  Time since last request: 0.000083 seconds.
  path: Assets/Tale Monster Cube Env/Prefabs/Base/Base_6.prefab
  artifactKey: Guid(ec176050bab37a642a32710742a873f1) Importer(815301076,1909f56bfc062723c751e8b465ee728b)
Start importing Assets/Tale Monster Cube Env/Prefabs/Base/Base_6.prefab using Guid(ec176050bab37a642a32710742a873f1) Importer(815301076,1909f56bfc062723c751e8b465ee728b)  -> (artifact id: '41e80409f1de2fcafe9475837e60aa3f') in 0.016737 seconds 
========================================================================
Received Import Request.
  Time since last request: 8.601558 seconds.
  path: Assets/Tale Monster Cube Env/Prefabs/Complex/Base_2_tall.prefab
  artifactKey: Guid(7f842a3a01eb62746818b5d6641622dd) Importer(815301076,1909f56bfc062723c751e8b465ee728b)
Start importing Assets/Tale Monster Cube Env/Prefabs/Complex/Base_2_tall.prefab using Guid(7f842a3a01eb62746818b5d6641622dd) Importer(815301076,1909f56bfc062723c751e8b465ee728b)  -> (artifact id: '6e2273cd481ee6add4fba07454719f42') in 0.013123 seconds 
========================================================================
Received Import Request.
  Time since last request: 0.000062 seconds.
  path: Assets/Tale Monster Cube Env/Prefabs/Complex/Base_6.prefab
  artifactKey: Guid(8411301af3055db4b933be68cbbe08e5) Importer(815301076,1909f56bfc062723c751e8b465ee728b)
Start importing Assets/Tale Monster Cube Env/Prefabs/Complex/Base_6.prefab using Guid(8411301af3055db4b933be68cbbe08e5) Importer(815301076,1909f56bfc062723c751e8b465ee728b)  -> (artifact id: 'c8e8ce8557fe2798ebc9a3da7f0aad58') in 0.032194 seconds 
========================================================================
Received Import Request.
  Time since last request: 0.000067 seconds.
  path: Assets/Tale Monster Cube Env/Prefabs/Complex/Base_5.prefab
  artifactKey: Guid(c4e0f60c92e79e742b32991e614de731) Importer(815301076,1909f56bfc062723c751e8b465ee728b)
Start importing Assets/Tale Monster Cube Env/Prefabs/Complex/Base_5.prefab using Guid(c4e0f60c92e79e742b32991e614de731) Importer(815301076,1909f56bfc062723c751e8b465ee728b)  -> (artifact id: '003ad29298dffe214353f7cbf2aa4323') in 0.019242 seconds 
========================================================================
Received Import Request.
  Time since last request: 12.094723 seconds.
  path: Assets/AurynSky/Forest Pack/Prefabs/Prefabs_Red/ForestCastle_Red.prefab
  artifactKey: Guid(fb6e45a6010fdae4b91b4ccbac21425e) Importer(815301076,1909f56bfc062723c751e8b465ee728b)
Start importing Assets/AurynSky/Forest Pack/Prefabs/Prefabs_Red/ForestCastle_Red.prefab using Guid(fb6e45a6010fdae4b91b4ccbac21425e) Importer(815301076,1909f56bfc062723c751e8b465ee728b)  -> (artifact id: '4307549a3cd0a32e6449a32c54f5e6ad') in 0.019780 seconds 
========================================================================
Received Import Request.
  Time since last request: 0.000083 seconds.
  path: Assets/AurynSky/Forest Pack/Prefabs/Prefabs_Red/ForestCatapult_Red.prefab
  artifactKey: Guid(1c646272db9f13f40a1cc8d87b080552) Importer(815301076,1909f56bfc062723c751e8b465ee728b)
Start importing Assets/AurynSky/Forest Pack/Prefabs/Prefabs_Red/ForestCatapult_Red.prefab using Guid(1c646272db9f13f40a1cc8d87b080552) Importer(815301076,1909f56bfc062723c751e8b465ee728b)  -> (artifact id: '0be8799cb2eabced1566e2c7988aac30') in 0.083363 seconds 
========================================================================
Received Import Request.
  Time since last request: 122.900042 seconds.
  path: Assets/AurynSky/Forest Pack/Materials/ColorPaletteNormal.mat
  artifactKey: Guid(f731a2ae89bef7a47a008811dfbd4680) Importer(815301076,1909f56bfc062723c751e8b465ee728b)
Start importing Assets/AurynSky/Forest Pack/Materials/ColorPaletteNormal.mat using Guid(f731a2ae89bef7a47a008811dfbd4680) Importer(815301076,1909f56bfc062723c751e8b465ee728b)  -> (artifact id: 'a552433602d77d9c7a7f845bf90b2969') in 0.112890 seconds 
Editor requested this worker to shutdown with reason: Scaling down because of idle timeout
AssetImportWorker is now disconnected from the server
Process exiting
